<?xml version="1.0" encoding="UTF-8"?>
<!-- Generated by org.testng.reporters.JUnitXMLReporter -->
<testsuite hostname="LAPTOP-S1M5SLT4" name="Test" tests="3" failures="1" timestamp="21 Apr 2020 19:53:45 GMT" time="34.631" errors="0">
  <testcase name="TC1_Validate_HomepageUrl" time="0.029" classname="org.jhi.main.Base"/>
  <testcase name="TC2_Validate_HomepageTitle" time="0.011" classname="org.jhi.main.Base">
    <failure type="java.lang.AssertionError" message="Mismatch found in Homepage Title. expected [John Hanncock Investment Mgmt | A better way to invest] but found [John Hancock Investment Mgmt | A better way to invest]">
      <![CDATA[java.lang.AssertionError: Mismatch found in Homepage Title. expected [John Hanncock Investment Mgmt | A better way to invest] but found [John Hancock Investment Mgmt | A better way to invest]
	at org.jhi.testcases.Validations_Homepage.TC2_validateHomepageTitle(Validations_Homepage.java:25)
	at org.jhi.main.Base.TC2_Validate_HomepageTitle(Base.java:118)
... Removed 28 stack frames]]>
    </failure>
  </testcase> <!-- TC2_Validate_HomepageTitle -->
  <testcase name="TC3_Validate_NavigationMenuOptions" time="10.932" classname="org.jhi.main.Base"/>
</testsuite> <!-- Test -->
