<?xml version="1.0" encoding="UTF-8"?>
<testng-results skipped="0" failed="0" total="1" passed="1">
  <reporter-output>
  </reporter-output>
  <suite name="Default suite" duration-ms="9536" started-at="2020-04-24T13:42:18Z" finished-at="2020-04-24T13:42:28Z">
    <groups>
    </groups>
    <test name="Default test" duration-ms="9536" started-at="2020-04-24T13:42:18Z" finished-at="2020-04-24T13:42:28Z">
      <class name="org.jhi.main.Base">
        <test-method status="PASS" signature="launchBrowser()[pri:0, instance:org.jhi.main.Base@70e9c95d]" name="launchBrowser" is-config="true" duration-ms="7687" started-at="2020-04-24T19:12:18Z" finished-at="2020-04-24T19:12:26Z">
          <reporter-output>
          </reporter-output>
        </test-method> <!-- launchBrowser -->
        <test-method status="PASS" signature="TC1_Validate_HomepageUrl()[pri:0, instance:org.jhi.main.Base@70e9c95d]" name="TC1_Validate_HomepageUrl" duration-ms="95" started-at="2020-04-24T19:12:26Z" finished-at="2020-04-24T19:12:26Z">
          <reporter-output>
          </reporter-output>
        </test-method> <!-- TC1_Validate_HomepageUrl -->
        <test-method status="PASS" signature="endBrowser()[pri:0, instance:org.jhi.main.Base@70e9c95d]" name="endBrowser" is-config="true" duration-ms="1600" started-at="2020-04-24T19:12:26Z" finished-at="2020-04-24T19:12:28Z">
          <reporter-output>
          </reporter-output>
        </test-method> <!-- endBrowser -->
      </class> <!-- org.jhi.main.Base -->
    </test> <!-- Default test -->
  </suite> <!-- Default suite -->
</testng-results>
