<?xml version="1.0" encoding="UTF-8"?>
<!-- Generated by org.testng.reporters.JUnitXMLReporter -->
<testsuite hostname="LAPTOP-S1M5SLT4" name="JHInvestments Regression Suite Test Scenario Validations" tests="5" failures="0" timestamp="26 Apr 2020 02:14:17 GMT" time="126.011" errors="0">
  <testcase name="TC1_Validate_HomepageUrl" time="0.025" classname="org.jhi.main.Base"/>
  <testcase name="TC2_Validate_HomepageTitle" time="0.015" classname="org.jhi.main.Base"/>
  <testcase name="TC3_Validate_NavigationMenuOptions" time="2.582" classname="org.jhi.main.Base"/>
  <testcase name="TC4_Validate_ViewpointTitles" time="49.079" classname="org.jhi.main.Base"/>
  <testcase name="TC5_Validate_SocialMediaLinks" time="22.846" classname="org.jhi.main.Base"/>
</testsuite> <!-- JHInvestments Regression Suite Test Scenario Validations -->
