<?xml version="1.0" encoding="UTF-8"?>
<!-- Generated by org.testng.reporters.JUnitXMLReporter -->
<testsuite hostname="LAPTOP-S1M5SLT4" name="JHInvestments Test Scenario Validations" tests="5" failures="0" timestamp="25 Apr 2020 21:32:36 GMT" time="134.078" errors="0">
  <testcase name="TC1_Validate_HomepageUrl" time="0.06" classname="org.jhi.main.Base"/>
  <testcase name="TC2_Validate_HomepageTitle" time="1.35" classname="org.jhi.main.Base"/>
  <testcase name="TC3_Validate_NavigationMenuOptions" time="5.898" classname="org.jhi.main.Base"/>
  <testcase name="TC4_Validate_ViewpointTitles" time="64.018" classname="org.jhi.main.Base"/>
  <testcase name="TC5_Validate_SocialMediaLinks" time="32.691" classname="org.jhi.main.Base"/>
</testsuite> <!-- JHInvestments Test Scenario Validations -->
