<?xml version="1.0" encoding="UTF-8"?>
<!-- Generated by org.testng.reporters.JUnitXMLReporter -->
<testsuite hostname="LAPTOP-S1M5SLT4" name="JHInvestments App Validations" tests="5" failures="0" timestamp="24 Apr 2020 13:11:13 GMT" time="201.07" errors="0">
  <testcase name="TC1_Validate_HomepageUrl" time="0.082" classname="org.jhi.main.Base"/>
  <testcase name="TC2_Validate_HomepageTitle" time="12.281" classname="org.jhi.main.Base"/>
  <testcase name="TC3_Validate_NavigationMenuOptions" time="9.756" classname="org.jhi.main.Base"/>
  <testcase name="TC4_Validate_ViewpointTitles" time="123.649" classname="org.jhi.main.Base"/>
  <testcase name="TC5_Validate_SocialMediaLinks" time="23.93" classname="org.jhi.main.Base"/>
</testsuite> <!-- JHInvestments App Validations -->
