<?xml version="1.0" encoding="UTF-8"?>
<!-- Generated by org.testng.reporters.JUnitXMLReporter -->
<testsuite hostname="LAPTOP-S1M5SLT4" name="JHInvestments Smoke Suite Test Scenario Validations" tests="2" failures="0" timestamp="26 Apr 2020 01:57:04 GMT" time="21.625" errors="0">
  <testcase name="TC1_Validate_HomepageUrl" time="0.083" classname="org.jhi.main.Base"/>
  <testcase name="TC2_Validate_HomepageTitle" time="0.034" classname="org.jhi.main.Base"/>
</testsuite> <!-- JHInvestments Smoke Suite Test Scenario Validations -->
