<?xml version="1.0" encoding="UTF-8"?>
<!-- Generated by org.testng.reporters.JUnitXMLReporter -->
<testsuite hostname="LAPTOP-S1M5SLT4" name="JHInvestments Sanity Suite Test Scenario Validations" tests="3" failures="0" timestamp="26 Apr 2020 01:59:15 GMT" time="75.323" errors="0">
  <testcase name="TC3_Validate_NavigationMenuOptions" time="1.214" classname="org.jhi.main.Base"/>
  <testcase name="TC4_Validate_ViewpointTitles" time="39.352" classname="org.jhi.main.Base"/>
  <testcase name="TC5_Validate_SocialMediaLinks" time="18.886" classname="org.jhi.main.Base"/>
</testsuite> <!-- JHInvestments Sanity Suite Test Scenario Validations -->
